0 info it worked if it ends with ok
1 verbose cli [ '/home/falls/.nvm/versions/node/v6.5.0/bin/node',
1 verbose cli   '/home/falls/.nvm/versions/node/v6.5.0/bin/npm',
1 verbose cli   'run',
1 verbose cli   'lint' ]
2 info using npm@3.10.3
3 info using node@v6.5.0
4 verbose run-script [ 'prelint', 'lint', 'postlint' ]
5 info lifecycle vaq@0.1.0~prelint: vaq@0.1.0
6 silly lifecycle vaq@0.1.0~prelint: no script for prelint, continuing
7 info lifecycle vaq@0.1.0~lint: vaq@0.1.0
8 verbose lifecycle vaq@0.1.0~lint: unsafe-perm in lifecycle true
9 verbose lifecycle vaq@0.1.0~lint: PATH: /home/falls/.nvm/versions/node/v6.5.0/lib/node_modules/npm/bin/node-gyp-bin:/var/www/customed/vaq/node_modules/.bin:/home/falls/.nvm/versions/node/v6.5.0/bin:/home/falls/.nvm/versions/node/v6.5.0/bin:/soft/node-v4.4.2-linux-x64/bin:/usr/local/bin:/usr/bin:/bin:/usr/local/games:/usr/games
10 verbose lifecycle vaq@0.1.0~lint: CWD: /var/www/customed/vaq
11 silly lifecycle vaq@0.1.0~lint: Args: [ '-c', 'eslint --cache --cache-location=./.eslintcache ./' ]
12 silly lifecycle vaq@0.1.0~lint: Returned: code: 1  signal: null
13 info lifecycle vaq@0.1.0~lint: Failed to exec lint script
14 verbose stack Error: vaq@0.1.0 lint: `eslint --cache --cache-location=./.eslintcache ./`
14 verbose stack Exit status 1
14 verbose stack     at EventEmitter.<anonymous> (/home/falls/.nvm/versions/node/v6.5.0/lib/node_modules/npm/lib/utils/lifecycle.js:242:16)
14 verbose stack     at emitTwo (events.js:106:13)
14 verbose stack     at EventEmitter.emit (events.js:191:7)
14 verbose stack     at ChildProcess.<anonymous> (/home/falls/.nvm/versions/node/v6.5.0/lib/node_modules/npm/lib/utils/spawn.js:40:14)
14 verbose stack     at emitTwo (events.js:106:13)
14 verbose stack     at ChildProcess.emit (events.js:191:7)
14 verbose stack     at maybeClose (internal/child_process.js:877:16)
14 verbose stack     at Process.ChildProcess._handle.onexit (internal/child_process.js:226:5)
15 verbose pkgid vaq@0.1.0
16 verbose cwd /var/www/customed/vaq
17 error Linux 3.16.0-4-amd64
18 error argv "/home/falls/.nvm/versions/node/v6.5.0/bin/node" "/home/falls/.nvm/versions/node/v6.5.0/bin/npm" "run" "lint"
19 error node v6.5.0
20 error npm  v3.10.3
21 error code ELIFECYCLE
22 error vaq@0.1.0 lint: `eslint --cache --cache-location=./.eslintcache ./`
22 error Exit status 1
23 error Failed at the vaq@0.1.0 lint script 'eslint --cache --cache-location=./.eslintcache ./'.
23 error Make sure you have the latest version of node.js and npm installed.
23 error If you do, this is most likely a problem with the vaq package,
23 error not with npm itself.
23 error Tell the author that this fails on your system:
23 error     eslint --cache --cache-location=./.eslintcache ./
23 error You can get information on how to open an issue for this project with:
23 error     npm bugs vaq
23 error Or if that isn't available, you can get their info via:
23 error     npm owner ls vaq
23 error There is likely additional logging output above.
24 verbose exit [ 1, true ]
